2025-09-29 07:14:35.779 | INFO     | strategies.bigline_strategy:backtest:31 - 開始回測 BigLine 策略: ^TWII, 時間框架: daily
2025-09-29 07:14:35.780 | INFO     | strategies.bigline_strategy:backtest:34 - ^TWII 非主要交易標的，跳過回測
2025-09-29 07:14:35.780 | INFO     | strategies.bigline_strategy:backtest:31 - 開始回測 BigLine 策略: ^TWII, 時間框架: daily
2025-09-29 07:14:35.780 | INFO     | strategies.bigline_strategy:backtest:34 - ^TWII 非主要交易標的，跳過回測
2025-09-29 07:14:35.780 | INFO     | strategies.bigline_strategy:backtest:31 - 開始回測 BigLine 策略: ^TWII, 時間框架: daily
2025-09-29 07:14:35.780 | INFO     | strategies.bigline_strategy:backtest:34 - ^TWII 非主要交易標的，跳過回測
2025-09-29 07:14:35.780 | INFO     | strategies.bigline_strategy:backtest:31 - 開始回測 BigLine 策略: ^TWII, 時間框架: daily
2025-09-29 07:14:35.780 | INFO     | strategies.bigline_strategy:backtest:34 - ^TWII 非主要交易標的，跳過回測
2025-09-29 07:14:35.781 | INFO     | strategies.bigline_strategy:backtest:31 - 開始回測 BigLine 策略: ^TWII, 時間框架: daily
2025-09-29 07:14:35.781 | INFO     | strategies.bigline_strategy:backtest:34 - ^TWII 非主要交易標的，跳過回測
2025-09-29 07:14:35.781 | INFO     | strategies.bigline_strategy:backtest:31 - 開始回測 BigLine 策略: ^TWII, 時間框架: daily
2025-09-29 07:14:35.781 | INFO     | strategies.bigline_strategy:backtest:34 - ^TWII 非主要交易標的，跳過回測
2025-09-29 07:14:35.781 | INFO     | strategies.bigline_strategy:backtest:31 - 開始回測 BigLine 策略: ^TWII, 時間框架: daily
2025-09-29 07:14:35.781 | INFO     | strategies.bigline_strategy:backtest:34 - ^TWII 非主要交易標的，跳過回測
2025-09-29 07:14:35.781 | INFO     | strategies.bigline_strategy:backtest:31 - 開始回測 BigLine 策略: ^TWII, 時間框架: daily
2025-09-29 07:14:35.781 | INFO     | strategies.bigline_strategy:backtest:34 - ^TWII 非主要交易標的，跳過回測
2025-09-29 07:14:35.781 | INFO     | strategies.bigline_strategy:backtest:31 - 開始回測 BigLine 策略: ^TWII, 時間框架: daily
2025-09-29 07:14:35.782 | INFO     | strategies.bigline_strategy:backtest:34 - ^TWII 非主要交易標的，跳過回測
2025-09-29 07:14:35.782 | INFO     | strategies.bigline_strategy:backtest:31 - 開始回測 BigLine 策略: ^TWII, 時間框架: daily
2025-09-29 07:14:35.782 | INFO     | strategies.bigline_strategy:backtest:34 - ^TWII 非主要交易標的，跳過回測
2025-09-29 07:14:35.782 | INFO     | strategies.bigline_strategy:backtest:31 - 開始回測 BigLine 策略: ^TWII, 時間框架: daily
2025-09-29 07:14:35.782 | INFO     | strategies.bigline_strategy:backtest:34 - ^TWII 非主要交易標的，跳過回測
2025-09-29 07:14:35.782 | INFO     | strategies.bigline_strategy:backtest:31 - 開始回測 BigLine 策略: ^TWII, 時間框架: daily
2025-09-29 07:14:35.782 | INFO     | strategies.bigline_strategy:backtest:34 - ^TWII 非主要交易標的，跳過回測
2025-09-29 07:14:35.782 | INFO     | strategies.bigline_strategy:backtest:31 - 開始回測 BigLine 策略: ^TWII, 時間框架: daily
2025-09-29 07:14:35.782 | INFO     | strategies.bigline_strategy:backtest:34 - ^TWII 非主要交易標的，跳過回測
2025-09-29 07:14:35.782 | INFO     | strategies.bigline_strategy:backtest:31 - 開始回測 BigLine 策略: ^TWII, 時間框架: daily
2025-09-29 07:14:35.783 | INFO     | strategies.bigline_strategy:backtest:34 - ^TWII 非主要交易標的，跳過回測
2025-09-29 07:14:35.783 | INFO     | strategies.bigline_strategy:backtest:31 - 開始回測 BigLine 策略: ^TWII, 時間框架: daily
2025-09-29 07:14:35.783 | INFO     | strategies.bigline_strategy:backtest:34 - ^TWII 非主要交易標的，跳過回測
2025-09-29 07:14:35.783 | INFO     | strategies.bigline_strategy:backtest:31 - 開始回測 BigLine 策略: ^TWII, 時間框架: daily
2025-09-29 07:14:35.783 | INFO     | strategies.bigline_strategy:backtest:34 - ^TWII 非主要交易標的，跳過回測
2025-09-29 07:14:35.783 | INFO     | strategies.bigline_strategy:backtest:31 - 開始回測 BigLine 策略: ^TWII, 時間框架: daily
2025-09-29 07:14:35.783 | INFO     | strategies.bigline_strategy:backtest:34 - ^TWII 非主要交易標的，跳過回測
2025-09-29 07:14:35.783 | INFO     | strategies.bigline_strategy:backtest:31 - 開始回測 BigLine 策略: ^TWII, 時間框架: daily
2025-09-29 07:14:35.783 | INFO     | strategies.bigline_strategy:backtest:34 - ^TWII 非主要交易標的，跳過回測
2025-09-29 07:14:35.784 | INFO     | strategies.bigline_strategy:backtest:31 - 開始回測 BigLine 策略: ^TWII, 時間框架: daily
2025-09-29 07:14:35.784 | INFO     | strategies.bigline_strategy:backtest:34 - ^TWII 非主要交易標的，跳過回測
2025-09-29 07:14:35.784 | INFO     | strategies.bigline_strategy:backtest:31 - 開始回測 BigLine 策略: ^TWII, 時間框架: daily
2025-09-29 07:14:35.784 | INFO     | strategies.bigline_strategy:backtest:34 - ^TWII 非主要交易標的，跳過回測
2025-09-29 07:14:35.784 | INFO     | strategies.bigline_strategy:backtest:31 - 開始回測 BigLine 策略: ^TWII, 時間框架: daily
2025-09-29 07:14:35.784 | INFO     | strategies.bigline_strategy:backtest:34 - ^TWII 非主要交易標的，跳過回測
2025-09-29 07:14:35.784 | INFO     | strategies.bigline_strategy:backtest:31 - 開始回測 BigLine 策略: ^TWII, 時間框架: daily
2025-09-29 07:14:35.784 | INFO     | strategies.bigline_strategy:backtest:34 - ^TWII 非主要交易標的，跳過回測
2025-09-29 07:14:35.784 | INFO     | strategies.bigline_strategy:backtest:31 - 開始回測 BigLine 策略: ^TWII, 時間框架: daily
2025-09-29 07:14:35.784 | INFO     | strategies.bigline_strategy:backtest:34 - ^TWII 非主要交易標的，跳過回測
2025-09-29 07:14:35.785 | INFO     | strategies.bigline_strategy:backtest:31 - 開始回測 BigLine 策略: ^TWII, 時間框架: daily
2025-09-29 07:14:35.785 | INFO     | strategies.bigline_strategy:backtest:34 - ^TWII 非主要交易標的，跳過回測
2025-09-29 07:14:35.785 | INFO     | strategies.bigline_strategy:backtest:31 - 開始回測 BigLine 策略: ^TWII, 時間框架: daily
2025-09-29 07:14:35.785 | INFO     | strategies.bigline_strategy:backtest:34 - ^TWII 非主要交易標的，跳過回測
2025-09-29 07:14:35.785 | INFO     | strategies.bigline_strategy:backtest:31 - 開始回測 BigLine 策略: ^TWII, 時間框架: daily
2025-09-29 07:14:35.785 | INFO     | strategies.bigline_strategy:backtest:34 - ^TWII 非主要交易標的，跳過回測
2025-09-29 07:14:35.785 | INFO     | strategies.bigline_strategy:backtest:31 - 開始回測 BigLine 策略: ^TWII, 時間框架: daily
2025-09-29 07:14:35.785 | INFO     | strategies.bigline_strategy:backtest:34 - ^TWII 非主要交易標的，跳過回測
2025-09-29 07:14:35.785 | INFO     | strategies.bigline_strategy:backtest:31 - 開始回測 BigLine 策略: ^TWII, 時間框架: daily
2025-09-29 07:14:35.785 | INFO     | strategies.bigline_strategy:backtest:34 - ^TWII 非主要交易標的，跳過回測
2025-09-29 07:14:35.786 | INFO     | strategies.bigline_strategy:backtest:31 - 開始回測 BigLine 策略: ^TWII, 時間框架: daily
2025-09-29 07:14:35.786 | INFO     | strategies.bigline_strategy:backtest:34 - ^TWII 非主要交易標的，跳過回測
2025-09-29 07:14:35.786 | INFO     | strategies.bigline_strategy:backtest:31 - 開始回測 BigLine 策略: ^TWII, 時間框架: daily
2025-09-29 07:14:35.786 | INFO     | strategies.bigline_strategy:backtest:34 - ^TWII 非主要交易標的，跳過回測
2025-09-29 07:14:35.786 | INFO     | strategies.bigline_strategy:backtest:31 - 開始回測 BigLine 策略: ^TWII, 時間框架: daily
2025-09-29 07:14:35.786 | INFO     | strategies.bigline_strategy:backtest:34 - ^TWII 非主要交易標的，跳過回測
2025-09-29 07:14:35.786 | INFO     | strategies.bigline_strategy:backtest:31 - 開始回測 BigLine 策略: ^TWII, 時間框架: daily
2025-09-29 07:14:35.786 | INFO     | strategies.bigline_strategy:backtest:34 - ^TWII 非主要交易標的，跳過回測
2025-09-29 07:14:35.786 | INFO     | strategies.bigline_strategy:backtest:31 - 開始回測 BigLine 策略: ^TWII, 時間框架: daily
2025-09-29 07:14:35.787 | INFO     | strategies.bigline_strategy:backtest:34 - ^TWII 非主要交易標的，跳過回測
2025-09-29 07:14:35.787 | INFO     | strategies.bigline_strategy:backtest:31 - 開始回測 BigLine 策略: ^TWII, 時間框架: daily
2025-09-29 07:14:35.787 | INFO     | strategies.bigline_strategy:backtest:34 - ^TWII 非主要交易標的，跳過回測
2025-09-29 07:14:35.787 | INFO     | strategies.bigline_strategy:backtest:31 - 開始回測 BigLine 策略: ^TWII, 時間框架: daily
2025-09-29 07:14:35.787 | INFO     | strategies.bigline_strategy:backtest:34 - ^TWII 非主要交易標的，跳過回測
2025-09-29 07:14:35.787 | INFO     | strategies.bigline_strategy:backtest:31 - 開始回測 BigLine 策略: ^TWII, 時間框架: daily
2025-09-29 07:14:35.787 | INFO     | strategies.bigline_strategy:backtest:34 - ^TWII 非主要交易標的，跳過回測
2025-09-29 07:14:35.787 | INFO     | strategies.bigline_strategy:backtest:31 - 開始回測 BigLine 策略: ^TWII, 時間框架: daily
2025-09-29 07:14:35.787 | INFO     | strategies.bigline_strategy:backtest:34 - ^TWII 非主要交易標的，跳過回測
2025-09-29 07:14:35.788 | INFO     | strategies.bigline_strategy:backtest:31 - 開始回測 BigLine 策略: ^TWII, 時間框架: daily
2025-09-29 07:14:35.788 | INFO     | strategies.bigline_strategy:backtest:34 - ^TWII 非主要交易標的，跳過回測
2025-09-29 07:14:35.788 | INFO     | strategies.bigline_strategy:backtest:31 - 開始回測 BigLine 策略: ^TWII, 時間框架: daily
2025-09-29 07:14:35.788 | INFO     | strategies.bigline_strategy:backtest:34 - ^TWII 非主要交易標的，跳過回測
2025-09-29 07:14:35.788 | INFO     | strategies.bigline_strategy:backtest:31 - 開始回測 BigLine 策略: ^TWII, 時間框架: daily
2025-09-29 07:14:35.788 | INFO     | strategies.bigline_strategy:backtest:34 - ^TWII 非主要交易標的，跳過回測
2025-09-29 07:14:35.788 | INFO     | strategies.bigline_strategy:backtest:31 - 開始回測 BigLine 策略: ^TWII, 時間框架: daily
2025-09-29 07:14:35.788 | INFO     | strategies.bigline_strategy:backtest:34 - ^TWII 非主要交易標的，跳過回測
2025-09-29 07:14:35.788 | INFO     | strategies.bigline_strategy:backtest:31 - 開始回測 BigLine 策略: ^TWII, 時間框架: daily
2025-09-29 07:14:35.789 | INFO     | strategies.bigline_strategy:backtest:34 - ^TWII 非主要交易標的，跳過回測
2025-09-29 07:14:35.789 | INFO     | strategies.bigline_strategy:backtest:31 - 開始回測 BigLine 策略: ^TWII, 時間框架: daily
2025-09-29 07:14:35.789 | INFO     | strategies.bigline_strategy:backtest:34 - ^TWII 非主要交易標的，跳過回測
2025-09-29 07:14:35.789 | INFO     | strategies.bigline_strategy:backtest:31 - 開始回測 BigLine 策略: ^TWII, 時間框架: daily
2025-09-29 07:14:35.789 | INFO     | strategies.bigline_strategy:backtest:34 - ^TWII 非主要交易標的，跳過回測
2025-09-29 07:14:35.789 | INFO     | strategies.bigline_strategy:backtest:31 - 開始回測 BigLine 策略: ^TWII, 時間框架: daily
2025-09-29 07:14:35.789 | INFO     | strategies.bigline_strategy:backtest:34 - ^TWII 非主要交易標的，跳過回測
2025-09-29 07:14:35.789 | INFO     | strategies.bigline_strategy:backtest:31 - 開始回測 BigLine 策略: ^TWII, 時間框架: daily
2025-09-29 07:14:35.789 | INFO     | strategies.bigline_strategy:backtest:34 - ^TWII 非主要交易標的，跳過回測
2025-09-29 07:14:35.790 | INFO     | strategies.bigline_strategy:backtest:31 - 開始回測 BigLine 策略: ^TWII, 時間框架: daily
2025-09-29 07:14:35.790 | INFO     | strategies.bigline_strategy:backtest:34 - ^TWII 非主要交易標的，跳過回測
2025-09-29 07:14:35.790 | INFO     | strategies.bigline_strategy:backtest:31 - 開始回測 BigLine 策略: ^TWII, 時間框架: daily
2025-09-29 07:14:35.790 | INFO     | strategies.bigline_strategy:backtest:34 - ^TWII 非主要交易標的，跳過回測
2025-09-29 07:14:35.790 | INFO     | strategies.bigline_strategy:backtest:31 - 開始回測 BigLine 策略: ^TWII, 時間框架: daily
2025-09-29 07:14:35.790 | INFO     | strategies.bigline_strategy:backtest:34 - ^TWII 非主要交易標的，跳過回測
2025-09-29 07:14:35.790 | INFO     | strategies.bigline_strategy:backtest:31 - 開始回測 BigLine 策略: ^TWII, 時間框架: daily
2025-09-29 07:14:35.790 | INFO     | strategies.bigline_strategy:backtest:34 - ^TWII 非主要交易標的，跳過回測
2025-09-29 07:14:35.790 | INFO     | strategies.bigline_strategy:backtest:31 - 開始回測 BigLine 策略: ^TWII, 時間框架: daily
2025-09-29 07:14:35.791 | INFO     | strategies.bigline_strategy:backtest:34 - ^TWII 非主要交易標的，跳過回測
2025-09-29 07:14:35.791 | INFO     | strategies.bigline_strategy:backtest:31 - 開始回測 BigLine 策略: ^TWII, 時間框架: daily
2025-09-29 07:14:35.791 | INFO     | strategies.bigline_strategy:backtest:34 - ^TWII 非主要交易標的，跳過回測
2025-09-29 07:14:35.791 | INFO     | strategies.bigline_strategy:backtest:31 - 開始回測 BigLine 策略: ^TWII, 時間框架: daily
2025-09-29 07:14:35.791 | INFO     | strategies.bigline_strategy:backtest:34 - ^TWII 非主要交易標的，跳過回測
2025-09-29 07:14:35.791 | INFO     | strategies.bigline_strategy:backtest:31 - 開始回測 BigLine 策略: ^TWII, 時間框架: daily
2025-09-29 07:14:35.791 | INFO     | strategies.bigline_strategy:backtest:34 - ^TWII 非主要交易標的，跳過回測
2025-09-29 07:14:35.791 | INFO     | strategies.bigline_strategy:backtest:31 - 開始回測 BigLine 策略: ^TWII, 時間框架: daily
2025-09-29 07:14:35.791 | INFO     | strategies.bigline_strategy:backtest:34 - ^TWII 非主要交易標的，跳過回測
2025-09-29 07:14:35.792 | INFO     | strategies.bigline_strategy:backtest:31 - 開始回測 BigLine 策略: ^TWII, 時間框架: daily
2025-09-29 07:14:35.792 | INFO     | strategies.bigline_strategy:backtest:34 - ^TWII 非主要交易標的，跳過回測
2025-09-29 07:14:35.792 | INFO     | strategies.bigline_strategy:backtest:31 - 開始回測 BigLine 策略: ^TWII, 時間框架: daily
2025-09-29 07:14:35.792 | INFO     | strategies.bigline_strategy:backtest:34 - ^TWII 非主要交易標的，跳過回測
2025-09-29 07:14:35.792 | INFO     | strategies.bigline_strategy:backtest:31 - 開始回測 BigLine 策略: ^TWII, 時間框架: daily
2025-09-29 07:14:35.792 | INFO     | strategies.bigline_strategy:backtest:34 - ^TWII 非主要交易標的，跳過回測
2025-09-29 07:14:35.792 | INFO     | strategies.bigline_strategy:backtest:31 - 開始回測 BigLine 策略: ^TWII, 時間框架: daily
2025-09-29 07:14:35.792 | INFO     | strategies.bigline_strategy:backtest:34 - ^TWII 非主要交易標的，跳過回測
2025-09-29 07:14:35.792 | INFO     | strategies.bigline_strategy:backtest:31 - 開始回測 BigLine 策略: ^TWII, 時間框架: daily
2025-09-29 07:14:35.792 | INFO     | strategies.bigline_strategy:backtest:34 - ^TWII 非主要交易標的，跳過回測
2025-09-29 07:14:35.793 | INFO     | strategies.bigline_strategy:backtest:31 - 開始回測 BigLine 策略: ^TWII, 時間框架: daily
2025-09-29 07:14:35.793 | INFO     | strategies.bigline_strategy:backtest:34 - ^TWII 非主要交易標的，跳過回測
2025-09-29 07:14:35.793 | INFO     | strategies.bigline_strategy:backtest:31 - 開始回測 BigLine 策略: ^TWII, 時間框架: daily
2025-09-29 07:14:35.793 | INFO     | strategies.bigline_strategy:backtest:34 - ^TWII 非主要交易標的，跳過回測
2025-09-29 07:14:35.793 | INFO     | strategies.bigline_strategy:backtest:31 - 開始回測 BigLine 策略: ^TWII, 時間框架: daily
2025-09-29 07:14:35.793 | INFO     | strategies.bigline_strategy:backtest:34 - ^TWII 非主要交易標的，跳過回測
2025-09-29 07:14:35.793 | INFO     | strategies.bigline_strategy:backtest:31 - 開始回測 BigLine 策略: ^TWII, 時間框架: daily
2025-09-29 07:14:35.793 | INFO     | strategies.bigline_strategy:backtest:34 - ^TWII 非主要交易標的，跳過回測
2025-09-29 07:14:35.793 | INFO     | strategies.bigline_strategy:backtest:31 - 開始回測 BigLine 策略: ^TWII, 時間框架: daily
2025-09-29 07:14:35.793 | INFO     | strategies.bigline_strategy:backtest:34 - ^TWII 非主要交易標的，跳過回測
2025-09-29 07:14:35.802 | INFO     | market_analyst:analyze_market:91 - ^TWII 市場分析完成
2025-09-29 07:14:35.803 | INFO     | strategy_mastermind:optimize_all_strategies:201 - Optimization running in background...
2025-09-29 07:14:35.813 | ERROR    | strategies.technical_strategy:backtest:189 - 0050.TW daily 回測失敗: module 'datetime' has no attribute 'today'
2025-09-29 07:14:35.816 | INFO     | strategies.ml_strategy:backtest:54 - 0050.TW 特徵工程前數據長度: 242
2025-09-29 07:14:35.817 | INFO     | strategies.ml_strategy:backtest:56 - 0050.TW 特徵工程後數據長度: 241
2025-09-29 07:14:35.870 | INFO     | strategy_mastermind:_load_extended_data:211 - Loaded cached extended data: 488 rows
2025-09-29 07:14:35.870 | INFO     | strategy_mastermind:_optimize_thread:189 - Optimizing technical strategy (1 iterations)...
2025-09-29 07:14:35.871 | INFO     | strategy_mastermind:_optimize_thread:189 - Optimizing ml strategy (1 iterations)...
2025-09-29 07:14:35.872 | INFO     | strategy_mastermind:_optimize_thread:189 - Optimizing bigline strategy (1 iterations)...
2025-09-29 07:14:36.175 | INFO     | strategies.ml_strategy:backtest:110 - 0050.TW 信號分佈: {-1: 195, 1: 46}
2025-09-29 07:14:36.175 | INFO     | strategies.ml_strategy:backtest:111 - 0050.TW 回報標準差: 0.014
2025-09-29 07:14:36.176 | INFO     | strategies.bigline_strategy:backtest:31 - 開始回測 BigLine 策略: 0050.TW, 時間框架: daily
2025-09-29 07:14:36.184 | ERROR    | strategies.bigline_strategy:backtest:133 - 0050.TW daily 回測失敗: "None of ['date'] are in the columns"
2025-09-29 07:14:36.184 | INFO     | strategies.bigline_strategy:backtest:31 - 開始回測 BigLine 策略: 0050.TW, 時間框架: daily
2025-09-29 07:14:36.195 | ERROR    | strategies.bigline_strategy:backtest:133 - 0050.TW daily 回測失敗: "None of ['date'] are in the columns"
2025-09-29 07:14:36.195 | INFO     | strategies.bigline_strategy:backtest:31 - 開始回測 BigLine 策略: 0050.TW, 時間框架: daily
2025-09-29 07:14:36.201 | ERROR    | strategies.bigline_strategy:backtest:133 - 0050.TW daily 回測失敗: "None of ['date'] are in the columns"
2025-09-29 07:14:36.217 | INFO     | market_analyst:analyze_market:91 - 0050.TW 市場分析完成
2025-09-29 07:14:36.228 | INFO     | strategy_mastermind:optimize_all_strategies:201 - Optimization running in background...
2025-09-29 07:14:36.232 | INFO     | strategy_mastermind:_load_extended_data:211 - Loaded cached extended data: 488 rows
2025-09-29 07:14:36.232 | INFO     | strategy_mastermind:_optimize_thread:189 - Optimizing technical strategy (1 iterations)...
2025-09-29 07:14:36.233 | INFO     | strategy_mastermind:_optimize_thread:189 - Optimizing ml strategy (1 iterations)...
2025-09-29 07:14:36.234 | INFO     | strategy_mastermind:_optimize_thread:189 - Optimizing bigline strategy (1 iterations)...
2025-09-29 07:14:36.237 | INFO     | strategies.technical_strategy:backtest:119 - 2330.TW 非主要交易標的，跳過回測
2025-09-29 07:14:36.239 | INFO     | strategies.ml_strategy:backtest:35 - 2330.TW 非主要交易標的，跳過回測
2025-09-29 07:14:36.239 | INFO     | strategies.bigline_strategy:backtest:31 - 開始回測 BigLine 策略: 2330.TW, 時間框架: daily
2025-09-29 07:14:36.239 | INFO     | strategies.bigline_strategy:backtest:34 - 2330.TW 非主要交易標的，跳過回測
2025-09-29 07:14:36.252 | INFO     | market_analyst:analyze_market:91 - 2330.TW 市場分析完成
2025-09-29 07:14:36.255 | INFO     | strategy_mastermind:optimize_all_strategies:201 - Optimization running in background...
2025-09-29 07:14:36.266 | INFO     | strategy_mastermind:_load_extended_data:211 - Loaded cached extended data: 488 rows
2025-09-29 07:14:36.267 | INFO     | strategy_mastermind:_optimize_thread:189 - Optimizing technical strategy (1 iterations)...
2025-09-29 07:14:36.271 | INFO     | strategy_mastermind:_optimize_thread:189 - Optimizing ml strategy (1 iterations)...
2025-09-29 07:14:36.277 | INFO     | strategies.technical_strategy:backtest:119 - 2317.TW 非主要交易標的，跳過回測
2025-09-29 07:14:36.277 | INFO     | strategy_mastermind:_optimize_thread:189 - Optimizing bigline strategy (1 iterations)...
2025-09-29 07:14:36.278 | INFO     | strategies.ml_strategy:backtest:35 - 2317.TW 非主要交易標的，跳過回測
2025-09-29 07:14:36.280 | INFO     | strategies.bigline_strategy:backtest:31 - 開始回測 BigLine 策略: 2317.TW, 時間框架: daily
2025-09-29 07:14:36.280 | INFO     | strategies.bigline_strategy:backtest:34 - 2317.TW 非主要交易標的，跳過回測
2025-09-29 07:14:36.299 | INFO     | market_analyst:analyze_market:91 - 2317.TW 市場分析完成
2025-09-29 07:14:36.302 | INFO     | strategy_mastermind:optimize_all_strategies:201 - Optimization running in background...
2025-09-29 07:14:36.312 | INFO     | strategy_mastermind:_load_extended_data:211 - Loaded cached extended data: 488 rows
2025-09-29 07:14:36.325 | INFO     | strategy_mastermind:_optimize_thread:189 - Optimizing technical strategy (1 iterations)...
2025-09-29 07:14:36.333 | INFO     | strategy_mastermind:_optimize_thread:189 - Optimizing ml strategy (1 iterations)...
2025-09-29 07:14:36.334 | INFO     | strategy_mastermind:_optimize_thread:189 - Optimizing bigline strategy (1 iterations)...
2025-09-29 07:14:36.337 | INFO     | strategies.technical_strategy:backtest:119 - 2454.TW 非主要交易標的，跳過回測
2025-09-29 07:14:36.340 | INFO     | strategies.ml_strategy:backtest:35 - 2454.TW 非主要交易標的，跳過回測
2025-09-29 07:14:36.340 | INFO     | strategies.bigline_strategy:backtest:31 - 開始回測 BigLine 策略: 2454.TW, 時間框架: daily
2025-09-29 07:14:36.341 | INFO     | strategies.bigline_strategy:backtest:34 - 2454.TW 非主要交易標的，跳過回測
2025-09-29 07:14:36.357 | INFO     | market_analyst:analyze_market:91 - 2454.TW 市場分析完成
2025-09-29 07:14:36.359 | INFO     | strategy_mastermind:optimize_all_strategies:201 - Optimization running in background...
2025-09-29 07:14:36.378 | INFO     | strategies.technical_strategy:backtest:119 - 2308.TW 非主要交易標的，跳過回測
2025-09-29 07:14:36.379 | INFO     | strategies.ml_strategy:backtest:35 - 2308.TW 非主要交易標的，跳過回測
2025-09-29 07:14:36.379 | INFO     | strategies.bigline_strategy:backtest:31 - 開始回測 BigLine 策略: 2308.TW, 時間框架: daily
2025-09-29 07:14:36.387 | INFO     | strategies.bigline_strategy:backtest:34 - 2308.TW 非主要交易標的，跳過回測
2025-09-29 07:14:36.388 | INFO     | strategy_mastermind:_load_extended_data:211 - Loaded cached extended data: 488 rows
2025-09-29 07:14:36.389 | INFO     | strategy_mastermind:_optimize_thread:189 - Optimizing technical strategy (1 iterations)...
2025-09-29 07:14:36.394 | INFO     | strategy_mastermind:_optimize_thread:189 - Optimizing ml strategy (1 iterations)...
2025-09-29 07:14:36.395 | INFO     | strategy_mastermind:_optimize_thread:189 - Optimizing bigline strategy (1 iterations)...
2025-09-29 07:14:36.405 | INFO     | market_analyst:analyze_market:91 - 2308.TW 市場分析完成
2025-09-29 07:14:36.406 | INFO     | strategy_mastermind:optimize_all_strategies:201 - Optimization running in background...
2025-09-29 07:14:36.417 | INFO     | strategy_mastermind:_load_extended_data:211 - Loaded cached extended data: 488 rows
2025-09-29 07:14:36.421 | INFO     | strategy_mastermind:_optimize_thread:189 - Optimizing technical strategy (1 iterations)...
2025-09-29 07:14:36.422 | INFO     | strategy_mastermind:_optimize_thread:189 - Optimizing ml strategy (1 iterations)...
2025-09-29 07:14:36.423 | INFO     | strategy_mastermind:_optimize_thread:189 - Optimizing bigline strategy (1 iterations)...
2025-09-29 07:14:36.420 | INFO     | strategies.technical_strategy:backtest:119 - 2881.TW 非主要交易標的，跳過回測
2025-09-29 07:14:36.429 | INFO     | strategies.ml_strategy:backtest:35 - 2881.TW 非主要交易標的，跳過回測
2025-09-29 07:14:36.429 | INFO     | strategies.bigline_strategy:backtest:31 - 開始回測 BigLine 策略: 2881.TW, 時間框架: daily
2025-09-29 07:14:36.429 | INFO     | strategies.bigline_strategy:backtest:34 - 2881.TW 非主要交易標的，跳過回測
2025-09-29 07:14:36.443 | INFO     | market_analyst:analyze_market:91 - 2881.TW 市場分析完成
2025-09-29 07:14:36.455 | INFO     | strategy_mastermind:optimize_all_strategies:201 - Optimization running in background...
2025-09-29 07:14:36.458 | INFO     | strategy_mastermind:_load_extended_data:211 - Loaded cached extended data: 488 rows
2025-09-29 07:14:36.458 | INFO     | strategy_mastermind:_optimize_thread:189 - Optimizing technical strategy (1 iterations)...
2025-09-29 07:14:36.462 | INFO     | strategy_mastermind:_optimize_thread:189 - Optimizing ml strategy (1 iterations)...
2025-09-29 07:14:36.463 | INFO     | strategy_mastermind:_optimize_thread:189 - Optimizing bigline strategy (1 iterations)...
2025-09-29 07:14:36.468 | INFO     | strategies.technical_strategy:backtest:119 - 2412.TW 非主要交易標的，跳過回測
2025-09-29 07:14:36.468 | INFO     | strategies.ml_strategy:backtest:35 - 2412.TW 非主要交易標的，跳過回測
2025-09-29 07:14:36.468 | INFO     | strategies.bigline_strategy:backtest:31 - 開始回測 BigLine 策略: 2412.TW, 時間框架: daily
2025-09-29 07:14:36.468 | INFO     | strategies.bigline_strategy:backtest:34 - 2412.TW 非主要交易標的，跳過回測
2025-09-29 07:14:36.487 | INFO     | market_analyst:analyze_market:91 - 2412.TW 市場分析完成
2025-09-29 07:14:36.488 | INFO     | strategy_mastermind:optimize_all_strategies:201 - Optimization running in background...
2025-09-29 07:14:36.498 | INFO     | strategy_mastermind:_load_extended_data:211 - Loaded cached extended data: 488 rows
2025-09-29 07:14:36.501 | INFO     | strategy_mastermind:_optimize_thread:189 - Optimizing technical strategy (1 iterations)...
2025-09-29 07:14:36.501 | INFO     | strategies.technical_strategy:backtest:119 - 2382.TW 非主要交易標的，跳過回測
2025-09-29 07:14:36.504 | INFO     | strategy_mastermind:_optimize_thread:189 - Optimizing ml strategy (1 iterations)...
2025-09-29 07:14:36.504 | INFO     | strategies.ml_strategy:backtest:35 - 2382.TW 非主要交易標的，跳過回測
2025-09-29 07:14:36.506 | INFO     | strategies.bigline_strategy:backtest:31 - 開始回測 BigLine 策略: 2382.TW, 時間框架: daily
2025-09-29 07:14:36.506 | INFO     | strategies.bigline_strategy:backtest:34 - 2382.TW 非主要交易標的，跳過回測
2025-09-29 07:14:36.505 | INFO     | strategy_mastermind:_optimize_thread:189 - Optimizing bigline strategy (1 iterations)...
2025-09-29 07:14:36.519 | INFO     | market_analyst:analyze_market:91 - 2382.TW 市場分析完成
2025-09-29 07:14:36.522 | INFO     | strategy_mastermind:optimize_all_strategies:201 - Optimization running in background...
2025-09-29 07:14:36.530 | INFO     | strategy_mastermind:_load_extended_data:211 - Loaded cached extended data: 488 rows
2025-09-29 07:14:36.533 | INFO     | strategy_mastermind:_optimize_thread:189 - Optimizing technical strategy (1 iterations)...
2025-09-29 07:14:36.533 | INFO     | strategies.technical_strategy:backtest:119 - 2882.TW 非主要交易標的，跳過回測
2025-09-29 07:14:36.534 | INFO     | strategies.ml_strategy:backtest:35 - 2882.TW 非主要交易標的，跳過回測
2025-09-29 07:14:36.535 | INFO     | strategies.bigline_strategy:backtest:31 - 開始回測 BigLine 策略: 2882.TW, 時間框架: daily
2025-09-29 07:14:36.535 | INFO     | strategies.bigline_strategy:backtest:34 - 2882.TW 非主要交易標的，跳過回測
2025-09-29 07:14:36.535 | INFO     | strategy_mastermind:_optimize_thread:189 - Optimizing ml strategy (1 iterations)...
2025-09-29 07:14:36.538 | INFO     | strategy_mastermind:_optimize_thread:189 - Optimizing bigline strategy (1 iterations)...
2025-09-29 07:14:36.547 | INFO     | market_analyst:analyze_market:91 - 2882.TW 市場分析完成
2025-09-29 07:14:36.548 | INFO     | strategy_mastermind:optimize_all_strategies:201 - Optimization running in background...
2025-09-29 07:14:36.558 | INFO     | strategy_mastermind:_load_extended_data:211 - Loaded cached extended data: 488 rows
2025-09-29 07:14:36.560 | INFO     | strategies.technical_strategy:backtest:119 - 2891.TW 非主要交易標的，跳過回測
2025-09-29 07:14:36.560 | INFO     | strategies.ml_strategy:backtest:35 - 2891.TW 非主要交易標的，跳過回測
2025-09-29 07:14:36.560 | INFO     | strategies.bigline_strategy:backtest:31 - 開始回測 BigLine 策略: 2891.TW, 時間框架: daily
2025-09-29 07:14:36.560 | INFO     | strategies.bigline_strategy:backtest:34 - 2891.TW 非主要交易標的，跳過回測
2025-09-29 07:14:36.560 | INFO     | strategy_mastermind:_optimize_thread:189 - Optimizing technical strategy (1 iterations)...
2025-09-29 07:14:36.564 | INFO     | strategy_mastermind:_optimize_thread:189 - Optimizing ml strategy (1 iterations)...
2025-09-29 07:14:36.568 | INFO     | strategy_mastermind:_optimize_thread:189 - Optimizing bigline strategy (1 iterations)...
2025-09-29 07:14:36.574 | INFO     | market_analyst:analyze_market:91 - 2891.TW 市場分析完成
2025-09-29 07:14:36.583 | INFO     | strategy_mastermind:_load_extended_data:211 - Loaded cached extended data: 488 rows
2025-09-29 07:14:36.583 | INFO     | strategy_mastermind:optimize_all_strategies:201 - Optimization running in background...
2025-09-29 07:14:36.583 | INFO     | strategy_mastermind:_optimize_thread:189 - Optimizing technical strategy (1 iterations)...
2025-09-29 07:14:36.587 | INFO     | strategy_mastermind:_optimize_thread:189 - Optimizing ml strategy (1 iterations)...
2025-09-29 07:14:36.588 | INFO     | strategy_mastermind:_optimize_thread:189 - Optimizing bigline strategy (1 iterations)...
2025-09-29 07:14:36.591 | INFO     | strategies.technical_strategy:backtest:119 - 3711.TW 非主要交易標的，跳過回測
2025-09-29 07:14:36.591 | INFO     | strategies.ml_strategy:backtest:35 - 3711.TW 非主要交易標的，跳過回測
2025-09-29 07:14:36.591 | INFO     | strategies.bigline_strategy:backtest:31 - 開始回測 BigLine 策略: 3711.TW, 時間框架: daily
2025-09-29 07:14:36.591 | INFO     | strategies.bigline_strategy:backtest:34 - 3711.TW 非主要交易標的，跳過回測
2025-09-29 07:14:36.602 | INFO     | market_analyst:analyze_market:91 - 3711.TW 市場分析完成
2025-09-29 07:14:36.615 | INFO     | strategy_mastermind:_load_extended_data:211 - Loaded cached extended data: 488 rows
2025-09-29 07:14:36.615 | INFO     | strategy_mastermind:optimize_all_strategies:201 - Optimization running in background...
2025-09-29 07:14:36.616 | INFO     | strategy_mastermind:_optimize_thread:189 - Optimizing technical strategy (1 iterations)...
2025-09-29 07:14:36.624 | INFO     | strategy_mastermind:_optimize_thread:189 - Optimizing ml strategy (1 iterations)...
2025-09-29 07:14:36.629 | INFO     | strategy_mastermind:_optimize_thread:189 - Optimizing bigline strategy (1 iterations)...
2025-09-29 07:14:36.863 | ERROR    | content_creator:generate_script:109 - API 錯誤: <_InactiveRpcError of RPC that terminated with:
	status = StatusCode.RESOURCE_EXHAUSTED
	details = "Your team 69769d11-2ec7-46e8-b0cf-f1d23bd1987c has either used all available credits or reached its monthly spending limit. To continue making API requests, please purchase more credits or raise your spending limit."
	debug_error_string = "UNKNOWN:Error received from peer  {grpc_status:8, grpc_message:"Your team 69769d11-2ec7-46e8-b0cf-f1d23bd1987c has either used all available credits or reached its monthly spending limit. To continue making API requests, please purchase more credits or raise your spending limit."}"
>
2025-09-29 07:15:07.785 | INFO     | podcast_distributor:generate_rss:136 - ✅ 已產生 RSS Feed：docs/rss/podcast.xml
2025-09-29 07:15:08.800 | INFO     | podcast_distributor:generate_rss:138 - RSS 上傳至 B2: https://f005.backblazeb2.com/file/daily-podcast-stk/podcast.xml
2025-09-29 07:15:09.053 | INFO     | podcast_distributor:notify_slack_enhanced:216 - 已發送增強 Slack 通知，tw 版 2025/09/29（一）
